* Starting client
* Connecting to master process on port 6531
* Analyzing classpath: 
  - E:\UOW\Software Testing and Analysis\Evosuite Specific 2\demo\target\test-classes
  - E:\UOW\Software Testing and Analysis\Evosuite Specific 2\demo\target\classes
  - C:\Users\123\.m2\repository\junit\junit\4.11\junit-4.11.jar
  - C:\Users\123\.m2\repository\org\hamcrest\hamcrest-core\1.3\hamcrest-core-1.3.jar
  - C:\Users\123\.m2\repository\com\j2html\j2html\1.6.0\j2html-1.6.0.jar
* Finished analyzing classpath
* Generating tests for class com.example.J2HTMLConversion
* Test criteria:
  - Line Coverage
  - Branch Coverage
  - Exception
  - Mutation testing (weak)
  - Method-Output Coverage
  - Top-Level Method Coverage
  - No-Exception Top-Level Method Coverage
  - Context Branch Coverage
* Setting up search algorithm for whole suite generation
* Loaded 42 tests from E:\UOW\Software Testing and Analysis\Evosuite Specific 2\demo\.evosuite\evosuite-seeds\com.example.J2HTMLConversion.seed
* Total number of test goals: 
  - Line 180
  - Branch 50
  - Exception 0
  - MutationFactory 375
  - Output 147
  - Method 50
  - MethodNoException 50
  - CBranchFitnessFactory 50
* Using seed 1716078320611
* Starting evolution
[MASTER] 10:25:33.779 [pool-2-thread-1] WARN  TimeController - Phase INITIALIZATION lasted too long, 2 seconds more than allowed.
* Search finished after 62s and 180 generations, 70501 statements, best individual has fitness: 99.0
* Writing sequences to pool
* Minimizing test suite
* Going to analyze the coverage criteria
* Coverage analysis for criterion LINE
* Coverage of criterion LINE: 100%
* Total number of goals: 180
* Number of covered goals: 180
* Coverage analysis for criterion BRANCH
* Coverage of criterion BRANCH: 100%
* Total number of goals: 50
* Number of covered goals: 50
* Coverage analysis for criterion EXCEPTION
* Coverage of criterion EXCEPTION: 100% (no goals)
* Coverage analysis for criterion WEAKMUTATION
* Coverage of criterion WEAKMUTATION: 100%
* Total number of goals: 375
* Number of covered goals: 375
* Coverage analysis for criterion OUTPUT
* Coverage of criterion OUTPUT: 33%
* Total number of goals: 147
* Number of covered goals: 49
* Coverage analysis for criterion METHOD
* Coverage of criterion METHOD: 100%
* Total number of goals: 50
* Number of covered goals: 50
* Coverage analysis for criterion METHODNOEXCEPTION
* Coverage of criterion METHODNOEXCEPTION: 100%
* Total number of goals: 50
* Number of covered goals: 50
* Coverage analysis for criterion CBRANCH
* Coverage of criterion CBRANCH: 100%
* Total number of goals: 50
* Number of covered goals: 50
* Generated 49 tests with total length 98
* Resulting test suite's coverage: 92% (average coverage for all fitness functions)
* Generating assertions
* Resulting test suite's mutation score: 93%
* Compiling and checking tests
[MASTER] 10:26:58.643 [pool-2-thread-1] WARN  TestSuiteGenerator - JUnit checking timed out
[MASTER] 10:26:58.644 [pool-2-thread-1] WARN  TimeController - Phase JUNIT_CHECK lasted too long, 1 seconds more than allowed.
* Writing JUnit test case 'J2HTMLConversion_ESTest' to E:\UOW\Software Testing and Analysis\Evosuite Specific 2\demo\.evosuite\tmp_2024_05_19_10_24_26\tests
* Done!

