* Starting client
* Connecting to master process on port 3578
* Analyzing classpath: 
  - E:\UOW\Software Testing and Analysis\Evosuite Specific 2\demo\target\test-classes
  - E:\UOW\Software Testing and Analysis\Evosuite Specific 2\demo\target\classes
  - C:\Users\123\.m2\repository\junit\junit\4.11\junit-4.11.jar
  - C:\Users\123\.m2\repository\org\hamcrest\hamcrest-core\1.3\hamcrest-core-1.3.jar
  - C:\Users\123\.m2\repository\com\j2html\j2html\1.6.0\j2html-1.6.0.jar
* Finished analyzing classpath
* Generating tests for class com.example.Employee
* Test criteria:
  - Line Coverage
  - Branch Coverage
  - Exception
  - Mutation testing (weak)
  - Method-Output Coverage
  - Top-Level Method Coverage
  - No-Exception Top-Level Method Coverage
  - Context Branch Coverage
* Setting up search algorithm for whole suite generation
* Loaded 7 tests from E:\UOW\Software Testing and Analysis\Evosuite Specific 2\demo\.evosuite\evosuite-seeds\com.example.Employee.seed
* Total number of test goals: 
  - Line 10
  - Branch 7
  - Exception 0
  - MutationFactory 15
  - Output 9
  - Method 7
  - MethodNoException 7
  - CBranchFitnessFactory 7
* Using seed 1716078278007
* Starting evolution
[MASTER] 10:24:50.640 [pool-2-thread-1] WARN  TimeController - Phase INITIALIZATION lasted too long, 1 seconds more than allowed.
* Search finished after 6s and 0 generations, 5995 statements, best individual has fitness: 1.0
* Writing sequences to pool
* Minimizing test suite
* Going to analyze the coverage criteria
* Coverage analysis for criterion LINE
* Coverage of criterion LINE: 100%
* Total number of goals: 10
* Number of covered goals: 10
* Coverage analysis for criterion BRANCH
* Coverage of criterion BRANCH: 100%
* Total number of goals: 7
* Number of covered goals: 7
* Coverage analysis for criterion EXCEPTION
* Coverage of criterion EXCEPTION: 100% (no goals)
* Coverage analysis for criterion WEAKMUTATION
* Coverage of criterion WEAKMUTATION: 100%
* Total number of goals: 15
* Number of covered goals: 15
* Coverage analysis for criterion OUTPUT
* Coverage of criterion OUTPUT: 100%
* Total number of goals: 9
* Number of covered goals: 9
* Coverage analysis for criterion METHOD
* Coverage of criterion METHOD: 100%
* Total number of goals: 7
* Number of covered goals: 7
* Coverage analysis for criterion METHODNOEXCEPTION
* Coverage of criterion METHODNOEXCEPTION: 100%
* Total number of goals: 7
* Number of covered goals: 7
* Coverage analysis for criterion CBRANCH
* Coverage of criterion CBRANCH: 100%
* Total number of goals: 7
* Number of covered goals: 7
* Generated 9 tests with total length 24
* Resulting test suite's coverage: 100% (average coverage for all fitness functions)
* Generating assertions
* Resulting test suite's mutation score: 100%
* Compiling and checking tests
* Writing JUnit test case 'Employee_ESTest' to E:\UOW\Software Testing and Analysis\Evosuite Specific 2\demo\.evosuite\tmp_2024_05_19_10_24_26\tests
* Done!

